Arguments: 
  C:\Program Files\nodejs\node.exe C:\Users\micah\AppData\Roaming\npm\node_modules\yarn\bin\yarn.js add json-server

PATH: 
  C:\Python310\Scripts\;C:\Python310\;C:\Windows\system32;C:\Windows;C:\Windows\System32\Wbem;C:\Windows\System32\WindowsPowerShell\v1.0\;C:\Windows\System32\OpenSSH\;C:\Program Files\Git\cmd;C:\ProgramData\chocolatey\bin;C:\Users\micah\AppData\Roaming\nvm;C:\Program Files\nodejs;C:\Users\micah\AppData\Local\Microsoft\WindowsApps;C:\Users\micah\AppData\Local\Programs\Microsoft VS Code\bin;C:\Users\micah\Development\sdks\flutter\bin;C:\Program Files\JetBrains\IntelliJ IDEA Community Edition 2021.2.3\bin;;C:\Program Files\JetBrains\WebStorm 2021.2.3\bin;;C:\Users\micah\AppData\Roaming\npm;C:\Users\micah\AppData\Roaming\nvm;C:\Program Files\nodejs;

Yarn version: 
  1.22.17

Node version: 
  16.13.0

Platform: 
  win32 x64

Trace: 
  Error: ENOENT: no such file or directory, copyfile 'C:\Users\micah\AppData\Local\Yarn\Cache\v6\npm-glob-parent-6.0.2-6d237d99083950c79290f24c7642a3de9a28f9e3-integrity\node_modules\glob-parent\index.js' -> 'C:\Users\micah\LaunchBadge\Gmail-clone-on-stack\node_modules\tailwindcss\node_modules\glob-parent\index.js'

npm manifest: 
  {
    "name": "gmail-clone-on-stack",
    "version": "0.0.0",
    "scripts": {
      "dev": "vite",
      "build": "vue-tsc --noEmit && vite build",
      "preview": "vite preview"
    },
    "dependencies": {
      "axios": "^0.24.0",
      "date-fns": "^2.27.0",
      "vue": "^3.2.25"
    },
    "devDependencies": {
      "@vitejs/plugin-vue": "^2.0.0",
      "autoprefixer": "^10.4.0",
      "postcss": "^8.4.5",
      "tailwindcss": "^3.0.7",
      "typescript": "^4.4.4",
      "vite": "^2.7.2",
      "vue-tsc": "^0.29.8"
    }
  }

yarn manifest: 
  No manifest

Lockfile: 
  No lockfile
